<?xml version="1.0" encoding="UTF-8"?>
<!-- Generated by org.testng.reporters.JUnitReportReporter -->
<testsuite hostname="DESKTOP-9K5991T" failures="0" tests="2" name="com.crm.qa.testcases.LoginPageTest" time="21.359" errors="0" timestamp="2024-08-16T12:57:48 IST" skipped="0">
  <testcase classname="com.crm.qa.testcases.LoginPageTest" name="loginPageTitleTest" time="9.023"/>
  <system-out/>
  <testcase classname="com.crm.qa.testcases.LoginPageTest" name="loginTest" time="12.336"/>
  <system-out/>
</testsuite> <!-- com.crm.qa.testcases.LoginPageTest -->
