<?xml version="1.0" encoding="UTF-8"?>
<!-- Generated by org.testng.reporters.JUnitReportReporter -->
<testsuite hostname="DESKTOP-9K5991T" failures="0" tests="3" name="com.crm.qa.testcases.HomePageTest" time="28.792" errors="0" timestamp="2024-08-16T10:19:58 IST" skipped="0">
  <testcase classname="com.crm.qa.testcases.HomePageTest" name="HomePageTitleTest" time="7.546"/>
  <system-out/>
  <testcase classname="com.crm.qa.testcases.HomePageTest" name="userNameTest" time="10.701"/>
  <system-out/>
  <testcase classname="com.crm.qa.testcases.HomePageTest" name="contactLinkTest" time="10.545"/>
  <system-out/>
</testsuite> <!-- com.crm.qa.testcases.HomePageTest -->
