<?xml version="1.0" encoding="UTF-8"?>
<!-- Generated by org.testng.reporters.JUnitReportReporter -->
<testsuite hostname="DESKTOP-9K5991T" failures="0" tests="2" name="com.crm.qa.testcases.LoginPageTest" time="23.989" errors="0" timestamp="2024-10-22T12:08:17 IST" skipped="0">
  <testcase classname="com.crm.qa.testcases.LoginPageTest" name="loginPageTitleTest" time="7.118"/>
  <system-out/>
  <testcase classname="com.crm.qa.testcases.LoginPageTest" name="loginTest" time="16.871"/>
  <system-out/>
</testsuite> <!-- com.crm.qa.testcases.LoginPageTest -->
