<?xml version="1.0" encoding="UTF-8"?>
<!-- Generated by org.testng.reporters.JUnitReportReporter -->
<testsuite hostname="DESKTOP-9K5991T" failures="0" tests="3" name="com.crm.qa.testcases.HomePageTest" time="24.200" errors="0" timestamp="2024-08-16T19:16:45 IST" skipped="0">
  <testcase classname="com.crm.qa.testcases.HomePageTest" name="HomePageTitleTest" time="6.376"/>
  <testcase classname="com.crm.qa.testcases.HomePageTest" name="userNameTest" time="8.346"/>
  <testcase classname="com.crm.qa.testcases.HomePageTest" name="contactLinkTest" time="9.478"/>
</testsuite> <!-- com.crm.qa.testcases.HomePageTest -->
