<?xml version="1.0" encoding="UTF-8"?>
<!-- Generated by org.testng.reporters.JUnitReportReporter -->
<testsuite hostname="DESKTOP-9K5991T" failures="0" tests="3" name="com.crm.qa.testcases.HomePageTest" time="32.095" errors="0" timestamp="2024-09-22T11:47:58 IST" skipped="0">
  <testcase classname="com.crm.qa.testcases.HomePageTest" name="HomePageTitleTest" time="8.301"/>
  <testcase classname="com.crm.qa.testcases.HomePageTest" name="userNameTest" time="11.780"/>
  <testcase classname="com.crm.qa.testcases.HomePageTest" name="contactLinkTest" time="12.014"/>
</testsuite> <!-- com.crm.qa.testcases.HomePageTest -->
