<?xml version="1.0" encoding="UTF-8"?>
<!-- Generated by org.testng.reporters.JUnitReportReporter -->
<testsuite hostname="DESKTOP-9K5991T" failures="0" tests="2" name="com.crm.qa.testcases.LoginPageTest" time="17.769" errors="0" timestamp="2024-08-16T19:16:45 IST" skipped="0">
  <testcase classname="com.crm.qa.testcases.LoginPageTest" name="loginPageTitleTest" time="6.207"/>
  <testcase classname="com.crm.qa.testcases.LoginPageTest" name="loginTest" time="11.562"/>
</testsuite> <!-- com.crm.qa.testcases.LoginPageTest -->
