<?xml version="1.0" encoding="UTF-8"?>
<!-- Generated by org.testng.reporters.JUnitReportReporter -->
<testsuite hostname="DESKTOP-9K5991T" failures="0" tests="2" name="com.crm.qa.testcases.LoginPageTest" time="22.557" errors="0" timestamp="2024-09-22T11:47:58 IST" skipped="0">
  <testcase classname="com.crm.qa.testcases.LoginPageTest" name="loginPageTitleTest" time="7.807"/>
  <testcase classname="com.crm.qa.testcases.LoginPageTest" name="loginTest" time="14.750"/>
</testsuite> <!-- com.crm.qa.testcases.LoginPageTest -->
